ポート 8000番 でサーバーが動いています。
[Thu Apr 16 2026 16:40:47 GMT+0900 (日本標準時)] Server Error Error: listen EADDRINUSE: address already in use :::8000
    at Server.setupListenHandle [as _listen2] (node:net:1940:16)
    at listenInCluster (node:net:1997:12)
    at Server.listen (node:net:2102:7)
    at Object.<anonymous> (/app/index.js:23:8)
    at Module._compile (node:internal/modules/cjs/loader:1706:14)
    at Object..js (node:internal/modules/cjs/loader:1839:10)
    at Module.load (node:internal/modules/cjs/loader:1441:32)
    at Function._load (node:internal/modules/cjs/loader:1263:12)
    at TracingChannel.traceSync (node:diagnostics_channel:328:14)
    at wrapModuleLoad (node:internal/modules/cjs/loader:237:24) {
  code: 'EADDRINUSE',
  errno: -98,
  syscall: 'listen',
  address: '::',
  port: 8000
}
[Thu Apr 16 2026 16:42:08 GMT+0900 (日本標準時)] 次のIPアドレスからアクセスされたよ ::ffff:192.168.65.1
[Thu Apr 16 2026 16:42:08 GMT+0900 (日本標準時)] 次のIPアドレスからアクセスされたよ ::ffff:192.168.65.1
